2026-06-25T13:54:13 cycle=1 scoring=RAW_LIVE_DATA_ABSENT_SCORING_HELD_DRILLS_ONLY drill=entry_exit_rule_rehearsal
2026-06-25T13:55:13 cycle=2 scoring=RAW_LIVE_DATA_ABSENT_SCORING_HELD_DRILLS_ONLY drill=referee_format_check
2026-06-25T13:56:13 cycle=3 scoring=RAW_LIVE_DATA_ABSENT_SCORING_HELD_DRILLS_ONLY drill=bridge_heartbeat_check
2026-06-25T13:57:13 cycle=4 scoring=RAW_LIVE_DATA_ABSENT_SCORING_HELD_DRILLS_ONLY drill=champion_lock_check
2026-06-25T13:58:13 cycle=5 scoring=RAW_LIVE_DATA_ABSENT_SCORING_HELD_DRILLS_ONLY drill=drawdown_guard_check
2026-06-25T13:59:13 cycle=6 scoring=RAW_LIVE_DATA_ABSENT_SCORING_HELD_DRILLS_ONLY drill=risk_gate_review
2026-06-25T14:00:13 cycle=7 scoring=RAW_LIVE_DATA_ABSENT_SCORING_HELD_DRILLS_ONLY drill=entry_exit_rule_rehearsal
2026-06-25T14:01:13 cycle=8 scoring=RAW_LIVE_DATA_ABSENT_SCORING_HELD_DRILLS_ONLY drill=referee_format_check
2026-06-25T14:02:13 cycle=9 scoring=RAW_LIVE_DATA_ABSENT_SCORING_HELD_DRILLS_ONLY drill=bridge_heartbeat_check
2026-06-25T14:03:13 cycle=10 scoring=RAW_LIVE_DATA_ABSENT_SCORING_HELD_DRILLS_ONLY drill=champion_lock_check
2026-06-25T14:04:13 cycle=11 scoring=RAW_LIVE_DATA_ABSENT_SCORING_HELD_DRILLS_ONLY drill=drawdown_guard_check
2026-06-25T14:05:13 cycle=12 scoring=RAW_LIVE_DATA_ABSENT_SCORING_HELD_DRILLS_ONLY drill=risk_gate_review
2026-06-25T14:06:13 cycle=13 scoring=RAW_LIVE_DATA_ABSENT_SCORING_HELD_DRILLS_ONLY drill=entry_exit_rule_rehearsal
2026-06-25T14:07:13 cycle=14 scoring=RAW_LIVE_DATA_ABSENT_SCORING_HELD_DRILLS_ONLY drill=referee_format_check
2026-06-25T14:08:13 cycle=15 scoring=RAW_LIVE_DATA_ABSENT_SCORING_HELD_DRILLS_ONLY drill=bridge_heartbeat_check
2026-06-25T14:09:13 cycle=16 scoring=RAW_LIVE_DATA_ABSENT_SCORING_HELD_DRILLS_ONLY drill=champion_lock_check
2026-06-25T14:10:13 cycle=17 scoring=RAW_LIVE_DATA_ABSENT_SCORING_HELD_DRILLS_ONLY drill=drawdown_guard_check
2026-06-25T14:11:13 cycle=18 scoring=RAW_LIVE_DATA_ABSENT_SCORING_HELD_DRILLS_ONLY drill=risk_gate_review
2026-06-25T14:12:13 cycle=19 scoring=RAW_LIVE_DATA_ABSENT_SCORING_HELD_DRILLS_ONLY drill=entry_exit_rule_rehearsal
2026-06-25T14:13:14 cycle=20 scoring=RAW_LIVE_DATA_ABSENT_SCORING_HELD_DRILLS_ONLY drill=referee_format_check
2026-06-25T14:14:14 cycle=21 scoring=RAW_LIVE_DATA_ABSENT_SCORING_HELD_DRILLS_ONLY drill=bridge_heartbeat_check
2026-06-25T14:15:14 cycle=22 scoring=RAW_LIVE_DATA_ABSENT_SCORING_HELD_DRILLS_ONLY drill=champion_lock_check
2026-06-25T14:16:14 cycle=23 scoring=RAW_LIVE_DATA_ABSENT_SCORING_HELD_DRILLS_ONLY drill=drawdown_guard_check
2026-06-25T14:17:14 cycle=24 scoring=RAW_LIVE_DATA_ABSENT_SCORING_HELD_DRILLS_ONLY drill=risk_gate_review
2026-06-25T14:18:14 cycle=25 scoring=RAW_LIVE_DATA_ABSENT_SCORING_HELD_DRILLS_ONLY drill=entry_exit_rule_rehearsal
